This is pdfTeX, Version 3.14159265-2.6-1.40.20 (TeX Live 2019/W32TeX) (preloaded format=pdflatex 2019.9.15)  27 SEP 2019 15:06
entering extended mode
 restricted \write18 enabled.
 %&-line parsing enabled.
**review_article.tex
(./review_article.tex
LaTeX2e <2018-12-01>

(c:/Users/Mr. Normanby/AppData/Roaming/TinyTeX/texmf-dist/tex/latex/base/articl
e.cls
Document Class: article 2018/09/03 v1.4i Standard LaTeX document class

(c:/Users/Mr. Normanby/AppData/Roaming/TinyTeX/texmf-dist/tex/latex/base/size11
.clo
File: size11.clo 2018/09/03 v1.4i Standard LaTeX file (size option)
)
\c@part=\count80
\c@section=\count81
\c@subsection=\count82
\c@subsubsection=\count83
\c@paragraph=\count84
\c@subparagraph=\count85
\c@figure=\count86
\c@table=\count87
\abovecaptionskip=\skip41
\belowcaptionskip=\skip42
\bibindent=\dimen102
)
(c:/Users/Mr. Normanby/AppData/Roaming/TinyTeX/texmf-dist/tex/latex/lm/lmodern.
sty
Package: lmodern 2009/10/30 v1.6 Latin Modern Fonts
LaTeX Font Info:    Overwriting symbol font `operators' in version `normal'
(Font)                  OT1/cmr/m/n --> OT1/lmr/m/n on input line 22.
LaTeX Font Info:    Overwriting symbol font `letters' in version `normal'
(Font)                  OML/cmm/m/it --> OML/lmm/m/it on input line 23.
LaTeX Font Info:    Overwriting symbol font `symbols' in version `normal'
(Font)                  OMS/cmsy/m/n --> OMS/lmsy/m/n on input line 24.
LaTeX Font Info:    Overwriting symbol font `largesymbols' in version `normal'
(Font)                  OMX/cmex/m/n --> OMX/lmex/m/n on input line 25.
LaTeX Font Info:    Overwriting symbol font `operators' in version `bold'
(Font)                  OT1/cmr/bx/n --> OT1/lmr/bx/n on input line 26.
LaTeX Font Info:    Overwriting symbol font `letters' in version `bold'
(Font)                  OML/cmm/b/it --> OML/lmm/b/it on input line 27.
LaTeX Font Info:    Overwriting symbol font `symbols' in version `bold'
(Font)                  OMS/cmsy/b/n --> OMS/lmsy/b/n on input line 28.
LaTeX Font Info:    Overwriting symbol font `largesymbols' in version `bold'
(Font)                  OMX/cmex/m/n --> OMX/lmex/m/n on input line 29.
LaTeX Font Info:    Overwriting math alphabet `\mathbf' in version `normal'
(Font)                  OT1/cmr/bx/n --> OT1/lmr/bx/n on input line 31.
LaTeX Font Info:    Overwriting math alphabet `\mathsf' in version `normal'
(Font)                  OT1/cmss/m/n --> OT1/lmss/m/n on input line 32.
LaTeX Font Info:    Overwriting math alphabet `\mathit' in version `normal'
(Font)                  OT1/cmr/m/it --> OT1/lmr/m/it on input line 33.
LaTeX Font Info:    Overwriting math alphabet `\mathtt' in version `normal'
(Font)                  OT1/cmtt/m/n --> OT1/lmtt/m/n on input line 34.
LaTeX Font Info:    Overwriting math alphabet `\mathbf' in version `bold'
(Font)                  OT1/cmr/bx/n --> OT1/lmr/bx/n on input line 35.
LaTeX Font Info:    Overwriting math alphabet `\mathsf' in version `bold'
(Font)                  OT1/cmss/bx/n --> OT1/lmss/bx/n on input line 36.
LaTeX Font Info:    Overwriting math alphabet `\mathit' in version `bold'
(Font)                  OT1/cmr/bx/it --> OT1/lmr/bx/it on input line 37.
LaTeX Font Info:    Overwriting math alphabet `\mathtt' in version `bold'
(Font)                  OT1/cmtt/m/n --> OT1/lmtt/m/n on input line 38.
)
(c:/Users/Mr. Normanby/AppData/Roaming/TinyTeX/texmf-dist/tex/latex/amsfonts/am
ssymb.sty
Package: amssymb 2013/01/14 v3.01 AMS font symbols

(c:/Users/Mr. Normanby/AppData/Roaming/TinyTeX/texmf-dist/tex/latex/amsfonts/am
sfonts.sty
Package: amsfonts 2013/01/14 v3.01 Basic AMSFonts support
\@emptytoks=\toks14
\symAMSa=\mathgroup4
\symAMSb=\mathgroup5
LaTeX Font Info:    Overwriting math alphabet `\mathfrak' in version `bold'
(Font)                  U/euf/m/n --> U/euf/b/n on input line 106.
))
(c:/Users/Mr. Normanby/AppData/Roaming/TinyTeX/texmf-dist/tex/latex/amsmath/ams
math.sty
Package: amsmath 2018/12/01 v2.17b AMS math features
\@mathmargin=\skip43
For additional information on amsmath, use the `?' option.

(c:/Users/Mr. Normanby/AppData/Roaming/TinyTeX/texmf-dist/tex/latex/amsmath/ams
text.sty
Package: amstext 2000/06/29 v2.01 AMS text

(c:/Users/Mr. Normanby/AppData/Roaming/TinyTeX/texmf-dist/tex/latex/amsmath/ams
gen.sty
File: amsgen.sty 1999/11/30 v2.0 generic functions
\@emptytoks=\toks15
\ex@=\dimen103
))
(c:/Users/Mr. Normanby/AppData/Roaming/TinyTeX/texmf-dist/tex/latex/amsmath/ams
bsy.sty
Package: amsbsy 1999/11/29 v1.2d Bold Symbols
\pmbraise@=\dimen104
)
(c:/Users/Mr. Normanby/AppData/Roaming/TinyTeX/texmf-dist/tex/latex/amsmath/ams
opn.sty
Package: amsopn 2016/03/08 v2.02 operator names
)
\inf@bad=\count88
LaTeX Info: Redefining \frac on input line 223.
\uproot@=\count89
\leftroot@=\count90
LaTeX Info: Redefining \overline on input line 385.
\classnum@=\count91
\DOTSCASE@=\count92
LaTeX Info: Redefining \ldots on input line 482.
LaTeX Info: Redefining \dots on input line 485.
LaTeX Info: Redefining \cdots on input line 606.
\Mathstrutbox@=\box27
\strutbox@=\box28
\big@size=\dimen105
LaTeX Font Info:    Redeclaring font encoding OML on input line 729.
LaTeX Font Info:    Redeclaring font encoding OMS on input line 730.
\macc@depth=\count93
\c@MaxMatrixCols=\count94
\dotsspace@=\muskip10
\c@parentequation=\count95
\dspbrk@lvl=\count96
\tag@help=\toks16
\row@=\count97
\column@=\count98
\maxfields@=\count99
\andhelp@=\toks17
\eqnshift@=\dimen106
\alignsep@=\dimen107
\tagshift@=\dimen108
\tagwidth@=\dimen109
\totwidth@=\dimen110
\lineht@=\dimen111
\@envbody=\toks18
\multlinegap=\skip44
\multlinetaggap=\skip45
\mathdisplay@stack=\toks19
LaTeX Info: Redefining \[ on input line 2844.
LaTeX Info: Redefining \] on input line 2845.
)
(c:/Users/Mr. Normanby/AppData/Roaming/TinyTeX/texmf-dist/tex/generic/ifxetex/i
fxetex.sty
Package: ifxetex 2010/09/12 v0.6 Provides ifxetex conditional
)
(c:/Users/Mr. Normanby/AppData/Roaming/TinyTeX/texmf-dist/tex/generic/oberdiek/
ifluatex.sty
Package: ifluatex 2016/05/16 v1.4 Provides the ifluatex switch (HO)
Package ifluatex Info: LuaTeX not detected.
)
(c:/Users/Mr. Normanby/AppData/Roaming/TinyTeX/texmf-dist/tex/latex/base/fixltx
2e.sty
Package: fixltx2e 2016/12/29 v2.1a fixes to LaTeX (obsolete)
Applying: [2015/01/01] Old fixltx2e package on input line 46.

Package fixltx2e Warning: fixltx2e is not required with releases after 2015
(fixltx2e)                All fixes are now in the LaTeX kernel.
(fixltx2e)                See the latexrelease package for details.

Already applied: [0000/00/00] Old fixltx2e package on input line 53.
)
(c:/Users/Mr. Normanby/AppData/Roaming/TinyTeX/texmf-dist/tex/latex/base/fonten
c.sty
Package: fontenc 2018/08/11 v2.0j Standard LaTeX package

(c:/Users/Mr. Normanby/AppData/Roaming/TinyTeX/texmf-dist/tex/latex/base/t1enc.
def
File: t1enc.def 2018/08/11 v2.0j Standard LaTeX file
LaTeX Font Info:    Redeclaring font encoding T1 on input line 48.
))
(c:/Users/Mr. Normanby/AppData/Roaming/TinyTeX/texmf-dist/tex/latex/base/inpute
nc.sty
Package: inputenc 2018/08/11 v1.3c Input encoding file
\inpenc@prehook=\toks20
\inpenc@posthook=\toks21
)
(c:/Users/Mr. Normanby/AppData/Roaming/TinyTeX/texmf-dist/tex/latex/upquote/upq
uote.sty
Package: upquote 2012/04/19 v1.3 upright-quote and grave-accent glyphs in verba
tim

(c:/Users/Mr. Normanby/AppData/Roaming/TinyTeX/texmf-dist/tex/latex/base/textco
mp.sty
Package: textcomp 2018/08/11 v2.0j Standard LaTeX package
Package textcomp Info: Sub-encoding information:
(textcomp)               5 = only ISO-Adobe without \textcurrency
(textcomp)               4 = 5 + \texteuro
(textcomp)               3 = 4 + \textohm
(textcomp)               2 = 3 + \textestimated + \textcurrency
(textcomp)               1 = TS1 - \textcircled - \t
(textcomp)               0 = TS1 (full)
(textcomp)             Font families with sub-encoding setting implement
(textcomp)             only a restricted character set as indicated.
(textcomp)             Family '?' is the default used for unknown fonts.
(textcomp)             See the documentation for details.
Package textcomp Info: Setting ? sub-encoding to TS1/1 on input line 79.

(c:/Users/Mr. Normanby/AppData/Roaming/TinyTeX/texmf-dist/tex/latex/base/ts1enc
.def
File: ts1enc.def 2001/06/05 v3.0e (jk/car/fm) Standard LaTeX file
Now handling font encoding TS1 ...
... processing UTF-8 mapping file for font encoding TS1

(c:/Users/Mr. Normanby/AppData/Roaming/TinyTeX/texmf-dist/tex/latex/base/ts1enc
.dfu
File: ts1enc.dfu 2018/10/05 v1.2f UTF-8 support for inputenc
   defining Unicode char U+00A2 (decimal 162)
   defining Unicode char U+00A3 (decimal 163)
   defining Unicode char U+00A4 (decimal 164)
   defining Unicode char U+00A5 (decimal 165)
   defining Unicode char U+00A6 (decimal 166)
   defining Unicode char U+00A7 (decimal 167)
   defining Unicode char U+00A8 (decimal 168)
   defining Unicode char U+00A9 (decimal 169)
   defining Unicode char U+00AA (decimal 170)
   defining Unicode char U+00AC (decimal 172)
   defining Unicode char U+00AE (decimal 174)
   defining Unicode char U+00AF (decimal 175)
   defining Unicode char U+00B0 (decimal 176)
   defining Unicode char U+00B1 (decimal 177)
   defining Unicode char U+00B2 (decimal 178)
   defining Unicode char U+00B3 (decimal 179)
   defining Unicode char U+00B4 (decimal 180)
   defining Unicode char U+00B5 (decimal 181)
   defining Unicode char U+00B6 (decimal 182)
   defining Unicode char U+00B7 (decimal 183)
   defining Unicode char U+00B9 (decimal 185)
   defining Unicode char U+00BA (decimal 186)
   defining Unicode char U+00BC (decimal 188)
   defining Unicode char U+00BD (decimal 189)
   defining Unicode char U+00BE (decimal 190)
   defining Unicode char U+00D7 (decimal 215)
   defining Unicode char U+00F7 (decimal 247)
   defining Unicode char U+0192 (decimal 402)
   defining Unicode char U+02C7 (decimal 711)
   defining Unicode char U+02D8 (decimal 728)
   defining Unicode char U+02DD (decimal 733)
   defining Unicode char U+0E3F (decimal 3647)
   defining Unicode char U+2016 (decimal 8214)
   defining Unicode char U+2020 (decimal 8224)
   defining Unicode char U+2021 (decimal 8225)
   defining Unicode char U+2022 (decimal 8226)
   defining Unicode char U+2030 (decimal 8240)
   defining Unicode char U+2031 (decimal 8241)
   defining Unicode char U+203B (decimal 8251)
   defining Unicode char U+203D (decimal 8253)
   defining Unicode char U+2044 (decimal 8260)
   defining Unicode char U+204E (decimal 8270)
   defining Unicode char U+2052 (decimal 8274)
   defining Unicode char U+20A1 (decimal 8353)
   defining Unicode char U+20A4 (decimal 8356)
   defining Unicode char U+20A6 (decimal 8358)
   defining Unicode char U+20A9 (decimal 8361)
   defining Unicode char U+20AB (decimal 8363)
   defining Unicode char U+20AC (decimal 8364)
   defining Unicode char U+20B1 (decimal 8369)
   defining Unicode char U+2103 (decimal 8451)
   defining Unicode char U+2116 (decimal 8470)
   defining Unicode char U+2117 (decimal 8471)
   defining Unicode char U+211E (decimal 8478)
   defining Unicode char U+2120 (decimal 8480)
   defining Unicode char U+2122 (decimal 8482)
   defining Unicode char U+2126 (decimal 8486)
   defining Unicode char U+2127 (decimal 8487)
   defining Unicode char U+212E (decimal 8494)
   defining Unicode char U+2190 (decimal 8592)
   defining Unicode char U+2191 (decimal 8593)
   defining Unicode char U+2192 (decimal 8594)
   defining Unicode char U+2193 (decimal 8595)
   defining Unicode char U+2329 (decimal 9001)
   defining Unicode char U+232A (decimal 9002)
   defining Unicode char U+2422 (decimal 9250)
   defining Unicode char U+25E6 (decimal 9702)
   defining Unicode char U+25EF (decimal 9711)
   defining Unicode char U+266A (decimal 9834)
   defining Unicode char U+FEFF (decimal 65279)
))
LaTeX Info: Redefining \oldstylenums on input line 334.
Package textcomp Info: Setting cmr sub-encoding to TS1/0 on input line 349.
Package textcomp Info: Setting cmss sub-encoding to TS1/0 on input line 350.
Package textcomp Info: Setting cmtt sub-encoding to TS1/0 on input line 351.
Package textcomp Info: Setting cmvtt sub-encoding to TS1/0 on input line 352.
Package textcomp Info: Setting cmbr sub-encoding to TS1/0 on input line 353.
Package textcomp Info: Setting cmtl sub-encoding to TS1/0 on input line 354.
Package textcomp Info: Setting ccr sub-encoding to TS1/0 on input line 355.
Package textcomp Info: Setting ptm sub-encoding to TS1/4 on input line 356.
Package textcomp Info: Setting pcr sub-encoding to TS1/4 on input line 357.
Package textcomp Info: Setting phv sub-encoding to TS1/4 on input line 358.
Package textcomp Info: Setting ppl sub-encoding to TS1/3 on input line 359.
Package textcomp Info: Setting pag sub-encoding to TS1/4 on input line 360.
Package textcomp Info: Setting pbk sub-encoding to TS1/4 on input line 361.
Package textcomp Info: Setting pnc sub-encoding to TS1/4 on input line 362.
Package textcomp Info: Setting pzc sub-encoding to TS1/4 on input line 363.
Package textcomp Info: Setting bch sub-encoding to TS1/4 on input line 364.
Package textcomp Info: Setting put sub-encoding to TS1/5 on input line 365.
Package textcomp Info: Setting uag sub-encoding to TS1/5 on input line 366.
Package textcomp Info: Setting ugq sub-encoding to TS1/5 on input line 367.
Package textcomp Info: Setting ul8 sub-encoding to TS1/4 on input line 368.
Package textcomp Info: Setting ul9 sub-encoding to TS1/4 on input line 369.
Package textcomp Info: Setting augie sub-encoding to TS1/5 on input line 370.
Package textcomp Info: Setting dayrom sub-encoding to TS1/3 on input line 371.
Package textcomp Info: Setting dayroms sub-encoding to TS1/3 on input line 372.

Package textcomp Info: Setting pxr sub-encoding to TS1/0 on input line 373.
Package textcomp Info: Setting pxss sub-encoding to TS1/0 on input line 374.
Package textcomp Info: Setting pxtt sub-encoding to TS1/0 on input line 375.
Package textcomp Info: Setting txr sub-encoding to TS1/0 on input line 376.
Package textcomp Info: Setting txss sub-encoding to TS1/0 on input line 377.
Package textcomp Info: Setting txtt sub-encoding to TS1/0 on input line 378.
Package textcomp Info: Setting lmr sub-encoding to TS1/0 on input line 379.
Package textcomp Info: Setting lmdh sub-encoding to TS1/0 on input line 380.
Package textcomp Info: Setting lmss sub-encoding to TS1/0 on input line 381.
Package textcomp Info: Setting lmssq sub-encoding to TS1/0 on input line 382.
Package textcomp Info: Setting lmvtt sub-encoding to TS1/0 on input line 383.
Package textcomp Info: Setting lmtt sub-encoding to TS1/0 on input line 384.
Package textcomp Info: Setting qhv sub-encoding to TS1/0 on input line 385.
Package textcomp Info: Setting qag sub-encoding to TS1/0 on input line 386.
Package textcomp Info: Setting qbk sub-encoding to TS1/0 on input line 387.
Package textcomp Info: Setting qcr sub-encoding to TS1/0 on input line 388.
Package textcomp Info: Setting qcs sub-encoding to TS1/0 on input line 389.
Package textcomp Info: Setting qpl sub-encoding to TS1/0 on input line 390.
Package textcomp Info: Setting qtm sub-encoding to TS1/0 on input line 391.
Package textcomp Info: Setting qzc sub-encoding to TS1/0 on input line 392.
Package textcomp Info: Setting qhvc sub-encoding to TS1/0 on input line 393.
Package textcomp Info: Setting futs sub-encoding to TS1/4 on input line 394.
Package textcomp Info: Setting futx sub-encoding to TS1/4 on input line 395.
Package textcomp Info: Setting futj sub-encoding to TS1/4 on input line 396.
Package textcomp Info: Setting hlh sub-encoding to TS1/3 on input line 397.
Package textcomp Info: Setting hls sub-encoding to TS1/3 on input line 398.
Package textcomp Info: Setting hlst sub-encoding to TS1/3 on input line 399.
Package textcomp Info: Setting hlct sub-encoding to TS1/5 on input line 400.
Package textcomp Info: Setting hlx sub-encoding to TS1/5 on input line 401.
Package textcomp Info: Setting hlce sub-encoding to TS1/5 on input line 402.
Package textcomp Info: Setting hlcn sub-encoding to TS1/5 on input line 403.
Package textcomp Info: Setting hlcw sub-encoding to TS1/5 on input line 404.
Package textcomp Info: Setting hlcf sub-encoding to TS1/5 on input line 405.
Package textcomp Info: Setting pplx sub-encoding to TS1/3 on input line 406.
Package textcomp Info: Setting pplj sub-encoding to TS1/3 on input line 407.
Package textcomp Info: Setting ptmx sub-encoding to TS1/4 on input line 408.
Package textcomp Info: Setting ptmj sub-encoding to TS1/4 on input line 409.
))
(c:/Users/Mr. Normanby/AppData/Roaming/TinyTeX/texmf-dist/tex/latex/geometry/ge
ometry.sty
Package: geometry 2018/04/16 v5.8 Page Geometry

(c:/Users/Mr. Normanby/AppData/Roaming/TinyTeX/texmf-dist/tex/latex/graphics/ke
yval.sty
Package: keyval 2014/10/28 v1.15 key=value parser (DPC)
\KV@toks@=\toks22
)
(c:/Users/Mr. Normanby/AppData/Roaming/TinyTeX/texmf-dist/tex/generic/oberdiek/
ifpdf.sty
Package: ifpdf 2018/09/07 v3.3 Provides the ifpdf switch
)
(c:/Users/Mr. Normanby/AppData/Roaming/TinyTeX/texmf-dist/tex/generic/oberdiek/
ifvtex.sty
Package: ifvtex 2016/05/16 v1.6 Detect VTeX and its facilities (HO)
Package ifvtex Info: VTeX not detected.
)
\Gm@cnth=\count100
\Gm@cntv=\count101
\c@Gm@tempcnt=\count102
\Gm@bindingoffset=\dimen112
\Gm@wd@mp=\dimen113
\Gm@odd@mp=\dimen114
\Gm@even@mp=\dimen115
\Gm@layoutwidth=\dimen116
\Gm@layoutheight=\dimen117
\Gm@layouthoffset=\dimen118
\Gm@layoutvoffset=\dimen119
\Gm@dimlist=\toks23
)
(c:/Users/Mr. Normanby/AppData/Roaming/TinyTeX/texmf-dist/tex/latex/hyperref/hy
perref.sty
Package: hyperref 2019/06/12 v6.88h Hypertext links for LaTeX

(c:/Users/Mr. Normanby/AppData/Roaming/TinyTeX/texmf-dist/tex/generic/oberdiek/
hobsub-hyperref.sty
Package: hobsub-hyperref 2016/05/16 v1.14 Bundle oberdiek, subset hyperref (HO)


(c:/Users/Mr. Normanby/AppData/Roaming/TinyTeX/texmf-dist/tex/generic/oberdiek/
hobsub-generic.sty
Package: hobsub-generic 2016/05/16 v1.14 Bundle oberdiek, subset generic (HO)
Package: hobsub 2016/05/16 v1.14 Construct package bundles (HO)
Package: infwarerr 2016/05/16 v1.4 Providing info/warning/error messages (HO)
Package: ltxcmds 2016/05/16 v1.23 LaTeX kernel commands for general use (HO)
Package hobsub Info: Skipping package `ifluatex' (already loaded).
Package hobsub Info: Skipping package `ifvtex' (already loaded).
Package: intcalc 2016/05/16 v1.2 Expandable calculations with integers (HO)
Package hobsub Info: Skipping package `ifpdf' (already loaded).
Package: etexcmds 2016/05/16 v1.6 Avoid name clashes with e-TeX commands (HO)
Package: kvsetkeys 2016/05/16 v1.17 Key value parser (HO)
Package: kvdefinekeys 2016/05/16 v1.4 Define keys (HO)
Package: pdftexcmds 2019/07/25 v0.30 Utility functions of pdfTeX for LuaTeX (HO
)
Package pdftexcmds Info: LuaTeX not detected.
Package pdftexcmds Info: \pdf@primitive is available.
Package pdftexcmds Info: \pdf@ifprimitive is available.
Package pdftexcmds Info: \pdfdraftmode found.
Package: pdfescape 2016/05/16 v1.14 Implements pdfTeX's escape features (HO)
Package: bigintcalc 2016/05/16 v1.4 Expandable calculations on big integers (HO
)
Package: bitset 2016/05/16 v1.2 Handle bit-vector datatype (HO)
Package: uniquecounter 2016/05/16 v1.3 Provide unlimited unique counter (HO)
)
Package hobsub Info: Skipping package `hobsub' (already loaded).
Package: letltxmacro 2016/05/16 v1.5 Let assignment for LaTeX macros (HO)
Package: hopatch 2016/05/16 v1.3 Wrapper for package hooks (HO)
Package: xcolor-patch 2016/05/16 xcolor patch
Package: atveryend 2016/05/16 v1.9 Hooks at the very end of document (HO)
Package atveryend Info: \enddocument detected (standard20110627).
Package: atbegshi 2016/06/09 v1.18 At begin shipout hook (HO)
Package: refcount 2016/05/16 v3.5 Data extraction from label references (HO)
Package: hycolor 2016/05/16 v1.8 Color options for hyperref/bookmark (HO)
)
(c:/Users/Mr. Normanby/AppData/Roaming/TinyTeX/texmf-dist/tex/latex/oberdiek/au
xhook.sty
Package: auxhook 2016/05/16 v1.4 Hooks for auxiliary files (HO)
)
(c:/Users/Mr. Normanby/AppData/Roaming/TinyTeX/texmf-dist/tex/latex/oberdiek/kv
options.sty
Package: kvoptions 2016/05/16 v3.12 Key value format for package options (HO)
)
\@linkdim=\dimen120
\Hy@linkcounter=\count103
\Hy@pagecounter=\count104

(c:/Users/Mr. Normanby/AppData/Roaming/TinyTeX/texmf-dist/tex/latex/hyperref/pd
1enc.def
File: pd1enc.def 2019/06/12 v6.88h Hyperref: PDFDocEncoding definition (HO)
Now handling font encoding PD1 ...
... no UTF-8 mapping file for font encoding PD1
)
\Hy@SavedSpaceFactor=\count105

(c:/Users/Mr. Normanby/AppData/Roaming/TinyTeX/texmf-dist/tex/latex/latexconfig
/hyperref.cfg
File: hyperref.cfg 2002/06/06 v1.2 hyperref configuration of TeXLive
)
Package hyperref Info: Hyper figures OFF on input line 4550.
Package hyperref Info: Link nesting OFF on input line 4555.
Package hyperref Info: Hyper index ON on input line 4558.
Package hyperref Info: Plain pages OFF on input line 4565.
Package hyperref Info: Backreferencing OFF on input line 4570.
Package hyperref Info: Implicit mode ON; LaTeX internals redefined.
Package hyperref Info: Bookmarks ON on input line 4803.
\c@Hy@tempcnt=\count106

(c:/Users/Mr. Normanby/AppData/Roaming/TinyTeX/texmf-dist/tex/latex/url/url.sty
\Urlmuskip=\muskip11
Package: url 2013/09/16  ver 3.4  Verb mode for urls, etc.
)
LaTeX Info: Redefining \url on input line 5156.
\XeTeXLinkMargin=\dimen121
\Fld@menulength=\count107
\Field@Width=\dimen122
\Fld@charsize=\dimen123
Package hyperref Info: Hyper figures OFF on input line 6411.
Package hyperref Info: Link nesting OFF on input line 6416.
Package hyperref Info: Hyper index ON on input line 6419.
Package hyperref Info: backreferencing OFF on input line 6426.
Package hyperref Info: Link coloring OFF on input line 6431.
Package hyperref Info: Link coloring with OCG OFF on input line 6436.
Package hyperref Info: PDF/A mode OFF on input line 6441.
LaTeX Info: Redefining \ref on input line 6481.
LaTeX Info: Redefining \pageref on input line 6485.
\Hy@abspage=\count108
\c@Item=\count109
\c@Hfootnote=\count110
)
Package hyperref Info: Driver (autodetected): hpdftex.

(c:/Users/Mr. Normanby/AppData/Roaming/TinyTeX/texmf-dist/tex/latex/hyperref/hp
dftex.def
File: hpdftex.def 2019/06/12 v6.88h Hyperref driver for pdfTeX
\Fld@listcount=\count111
\c@bookmark@seq@number=\count112

(c:/Users/Mr. Normanby/AppData/Roaming/TinyTeX/texmf-dist/tex/latex/oberdiek/re
runfilecheck.sty
Package: rerunfilecheck 2016/05/16 v1.8 Rerun checks for auxiliary files (HO)
Package uniquecounter Info: New unique counter `rerunfilecheck' on input line 2
82.
)
\Hy@SectionHShift=\skip46
)
Package hyperref Info: Option `unicode' set `true' on input line 30.

(c:/Users/Mr. Normanby/AppData/Roaming/TinyTeX/texmf-dist/tex/latex/hyperref/pu
enc.def
File: puenc.def 2019/06/12 v6.88h Hyperref: PDF Unicode definition (HO)
Now handling font encoding PU ...
... no UTF-8 mapping file for font encoding PU
)
Package hyperref Info: Option `breaklinks' set `true' on input line 30.

(c:/Users/Mr. Normanby/AppData/Roaming/TinyTeX/texmf-dist/tex/latex/tools/longt
able.sty
Package: longtable 2014/10/28 v4.11 Multi-page Table package (DPC)+ FMi change
\LTleft=\skip47
\LTright=\skip48
\LTpre=\skip49
\LTpost=\skip50
\LTchunksize=\count113
\LTcapwidth=\dimen124
\LT@head=\box29
\LT@firsthead=\box30
\LT@foot=\box31
\LT@lastfoot=\box32
\LT@cols=\count114
\LT@rows=\count115
\c@LT@tables=\count116
\c@LT@chunks=\count117
\LT@p@ftn=\toks24
)
(c:/Users/Mr. Normanby/AppData/Roaming/TinyTeX/texmf-dist/tex/latex/booktabs/bo
oktabs.sty
Package: booktabs 2016/04/27 v1.618033 publication quality tables
\heavyrulewidth=\dimen125
\lightrulewidth=\dimen126
\cmidrulewidth=\dimen127
\belowrulesep=\dimen128
\belowbottomsep=\dimen129
\aboverulesep=\dimen130
\abovetopsep=\dimen131
\cmidrulesep=\dimen132
\cmidrulekern=\dimen133
\defaultaddspace=\dimen134
\@cmidla=\count118
\@cmidlb=\count119
\@aboverulesep=\dimen135
\@belowrulesep=\dimen136
\@thisruleclass=\count120
\@lastruleclass=\count121
\@thisrulewidth=\dimen137
)
(c:/Users/Mr. Normanby/AppData/Roaming/TinyTeX/texmf-dist/tex/latex/graphics/gr
aphicx.sty
Package: graphicx 2017/06/01 v1.1a Enhanced LaTeX Graphics (DPC,SPQR)

(c:/Users/Mr. Normanby/AppData/Roaming/TinyTeX/texmf-dist/tex/latex/graphics/gr
aphics.sty
Package: graphics 2017/06/25 v1.2c Standard LaTeX Graphics (DPC,SPQR)

(c:/Users/Mr. Normanby/AppData/Roaming/TinyTeX/texmf-dist/tex/latex/graphics/tr
ig.sty
Package: trig 2016/01/03 v1.10 sin cos tan (DPC)
)
(c:/Users/Mr. Normanby/AppData/Roaming/TinyTeX/texmf-dist/tex/latex/graphics-cf
g/graphics.cfg
File: graphics.cfg 2016/06/04 v1.11 sample graphics configuration
)
Package graphics Info: Driver file: pdftex.def on input line 99.

(c:/Users/Mr. Normanby/AppData/Roaming/TinyTeX/texmf-dist/tex/latex/graphics-de
f/pdftex.def
File: pdftex.def 2018/01/08 v1.0l Graphics/color driver for pdftex
))
\Gin@req@height=\dimen138
\Gin@req@width=\dimen139
)
(c:/Users/Mr. Normanby/AppData/Roaming/TinyTeX/texmf-dist/tex/latex/oberdiek/gr
ffile.sty
Package: grffile 2017/06/30 v1.18 Extended file name support for graphics (HO)
Package grffile Info: Option `multidot' is set to `true'.
Package grffile Info: Option `extendedchars' is set to `false'.
Package grffile Info: Option `space' is set to `true'.
Package grffile Info: \Gin@ii of package `graphicx' fixed on input line 494.
)
(c:/Users/Mr. Normanby/AppData/Roaming/TinyTeX/texmf-dist/tex/latex/titling/tit
ling.sty
Package: titling 2009/09/04 v2.1d maketitle typesetting
\thanksmarkwidth=\skip51
\thanksmargin=\skip52
\droptitle=\skip53
) (./review_article.aux)
\openout1 = `review_article.aux'.

LaTeX Font Info:    Checking defaults for OML/cmm/m/it on input line 88.
LaTeX Font Info:    ... okay on input line 88.
LaTeX Font Info:    Checking defaults for T1/cmr/m/n on input line 88.
LaTeX Font Info:    ... okay on input line 88.
LaTeX Font Info:    Checking defaults for OT1/cmr/m/n on input line 88.
LaTeX Font Info:    ... okay on input line 88.
LaTeX Font Info:    Checking defaults for OMS/cmsy/m/n on input line 88.
LaTeX Font Info:    ... okay on input line 88.
LaTeX Font Info:    Checking defaults for OMX/cmex/m/n on input line 88.
LaTeX Font Info:    ... okay on input line 88.
LaTeX Font Info:    Checking defaults for U/cmr/m/n on input line 88.
LaTeX Font Info:    ... okay on input line 88.
LaTeX Font Info:    Checking defaults for TS1/cmr/m/n on input line 88.
LaTeX Font Info:    Try loading font information for TS1+cmr on input line 88.

(c:/Users/Mr. Normanby/AppData/Roaming/TinyTeX/texmf-dist/tex/latex/base/ts1cmr
.fd
File: ts1cmr.fd 2014/09/29 v2.5h Standard LaTeX font definitions
)
LaTeX Font Info:    ... okay on input line 88.
LaTeX Font Info:    Checking defaults for PD1/pdf/m/n on input line 88.
LaTeX Font Info:    ... okay on input line 88.
LaTeX Font Info:    Checking defaults for PU/pdf/m/n on input line 88.
LaTeX Font Info:    ... okay on input line 88.
LaTeX Font Info:    Try loading font information for T1+lmr on input line 88.

(c:/Users/Mr. Normanby/AppData/Roaming/TinyTeX/texmf-dist/tex/latex/lm/t1lmr.fd
File: t1lmr.fd 2009/10/30 v1.6 Font defs for Latin Modern
)
*geometry* driver: auto-detecting
*geometry* detected driver: pdftex
*geometry* verbose mode - [ preamble ] result:
* driver: pdftex
* paper: <default>
* layout: <same size as paper>
* layoutoffset:(h,v)=(0.0pt,0.0pt)
* modes: 
* h-part:(L,W,R)=(72.26999pt, 469.75502pt, 72.26999pt)
* v-part:(T,H,B)=(72.26999pt, 650.43001pt, 72.26999pt)
* \paperwidth=614.295pt
* \paperheight=794.96999pt
* \textwidth=469.75502pt
* \textheight=650.43001pt
* \oddsidemargin=0.0pt
* \evensidemargin=0.0pt
* \topmargin=-37.0pt
* \headheight=12.0pt
* \headsep=25.0pt
* \topskip=11.0pt
* \footskip=30.0pt
* \marginparwidth=59.0pt
* \marginparsep=10.0pt
* \columnsep=10.0pt
* \skip\footins=10.0pt plus 4.0pt minus 2.0pt
* \hoffset=0.0pt
* \voffset=0.0pt
* \mag=1000
* \@twocolumnfalse
* \@twosidefalse
* \@mparswitchfalse
* \@reversemarginfalse
* (1in=72.27pt=25.4mm, 1cm=28.453pt)

\AtBeginShipoutBox=\box33
Package hyperref Info: Link coloring OFF on input line 88.

(c:/Users/Mr. Normanby/AppData/Roaming/TinyTeX/texmf-dist/tex/latex/hyperref/na
meref.sty
Package: nameref 2016/05/21 v2.44 Cross-referencing by name of section

(c:/Users/Mr. Normanby/AppData/Roaming/TinyTeX/texmf-dist/tex/generic/oberdiek/
gettitlestring.sty
Package: gettitlestring 2016/05/16 v1.5 Cleanup title references (HO)
)
\c@section@level=\count122
)
LaTeX Info: Redefining \ref on input line 88.
LaTeX Info: Redefining \pageref on input line 88.
LaTeX Info: Redefining \nameref on input line 88.
(./review_article.out) (./review_article.out)
\@outlinefile=\write3
\openout3 = `review_article.out'.


(c:/Users/Mr. Normanby/AppData/Roaming/TinyTeX/texmf-dist/tex/latex/oberdiek/ep
stopdf-base.sty
Package: epstopdf-base 2016/05/15 v2.6 Base part for package epstopdf

(c:/Users/Mr. Normanby/AppData/Roaming/TinyTeX/texmf-dist/tex/latex/oberdiek/gr
fext.sty
Package: grfext 2016/05/16 v1.2 Manage graphics extensions (HO)
)
Package epstopdf-base Info: Redefining graphics rule for `.eps' on input line 4
38.
Package grfext Info: Graphics extension search list:
(grfext)             [.pdf,.png,.jpg,.mps,.jpeg,.jbig2,.jb2,.PDF,.PNG,.JPG,.JPE
G,.JBIG2,.JB2,.eps]
(grfext)             \AppendGraphicsExtensions on input line 456.

(c:/Users/Mr. Normanby/AppData/Roaming/TinyTeX/texmf-dist/tex/latex/latexconfig
/epstopdf-sys.cfg
File: epstopdf-sys.cfg 2010/07/13 v1.3 Configuration of (r)epstopdf for TeX Liv
e
)) (./review_article.toc
LaTeX Font Info:    Try loading font information for OT1+lmr on input line 4.

(c:/Users/Mr. Normanby/AppData/Roaming/TinyTeX/texmf-dist/tex/latex/lm/ot1lmr.f
d
File: ot1lmr.fd 2009/10/30 v1.6 Font defs for Latin Modern
)
LaTeX Font Info:    Try loading font information for OML+lmm on input line 4.

(c:/Users/Mr. Normanby/AppData/Roaming/TinyTeX/texmf-dist/tex/latex/lm/omllmm.f
d
File: omllmm.fd 2009/10/30 v1.6 Font defs for Latin Modern
)
LaTeX Font Info:    Try loading font information for OMS+lmsy on input line 4.

(c:/Users/Mr. Normanby/AppData/Roaming/TinyTeX/texmf-dist/tex/latex/lm/omslmsy.
fd
File: omslmsy.fd 2009/10/30 v1.6 Font defs for Latin Modern
)
LaTeX Font Info:    Try loading font information for OMX+lmex on input line 4.

(c:/Users/Mr. Normanby/AppData/Roaming/TinyTeX/texmf-dist/tex/latex/lm/omxlmex.
fd
File: omxlmex.fd 2009/10/30 v1.6 Font defs for Latin Modern
)
LaTeX Font Info:    External font `lmex10' loaded for size
(Font)              <10.95> on input line 4.
LaTeX Font Info:    External font `lmex10' loaded for size
(Font)              <8> on input line 4.
LaTeX Font Info:    External font `lmex10' loaded for size
(Font)              <6> on input line 4.
LaTeX Font Info:    Try loading font information for U+msa on input line 4.

(c:/Users/Mr. Normanby/AppData/Roaming/TinyTeX/texmf-dist/tex/latex/amsfonts/um
sa.fd
File: umsa.fd 2013/01/14 v3.01 AMS symbols A
)
LaTeX Font Info:    Try loading font information for U+msb on input line 4.

(c:/Users/Mr. Normanby/AppData/Roaming/TinyTeX/texmf-dist/tex/latex/amsfonts/um
sb.fd
File: umsb.fd 2013/01/14 v3.01 AMS symbols B
) [1

{c:/Users/Mr. Normanby/AppData/Roaming/TinyTeX/texmf-var/fonts/map/pdftex/updma
p/pdftex.map}])
\tf@toc=\write4
\openout4 = `review_article.toc'.

[2] [3]
<review_article_files/figure-latex/choropleth-grid-create-1.pdf, id=221, 867.24
pt x 722.7pt>
File: review_article_files/figure-latex/choropleth-grid-create-1.pdf Graphic fi
le (type pdf)
<use review_article_files/figure-latex/choropleth-grid-create-1.pdf>
Package pdftex.def Info: review_article_files/figure-latex/choropleth-grid-crea
te-1.pdf  used on input line 222.
(pdftex.def)             Requested size: 469.75827pt x 391.46521pt.
[4 <./review_article_files/figure-latex/choropleth-grid-create-1.pdf>] [5] [6] 
[7] [8] [9]
<review_article_files/figure-latex/choroCRS-1.pdf, id=374, 469.755pt x 325.215p
t>
File: review_article_files/figure-latex/choroCRS-1.pdf Graphic file (type pdf)
<use review_article_files/figure-latex/choroCRS-1.pdf>
Package pdftex.def Info: review_article_files/figure-latex/choroCRS-1.pdf  used
 on input line 690.
(pdftex.def)             Requested size: 469.75386pt x 325.2142pt.
[10] [11 <./review_article_files/figure-latex/choroCRS-1.pdf>]
<review_article_files/figure-latex/ggcartograms-1.pdf, id=426, 469.755pt x 325.
215pt>
File: review_article_files/figure-latex/ggcartograms-1.pdf Graphic file (type p
df)
<use review_article_files/figure-latex/ggcartograms-1.pdf>
Package pdftex.def Info: review_article_files/figure-latex/ggcartograms-1.pdf  
used on input line 772.
(pdftex.def)             Requested size: 469.75386pt x 325.2142pt.
[12 <./review_article_files/figure-latex/ggcartograms-1.pdf>]
<review_article_files/figure-latex/auscartograms-1.pdf, id=447, 469.755pt x 325
.215pt>
File: review_article_files/figure-latex/auscartograms-1.pdf Graphic file (type 
pdf)
<use review_article_files/figure-latex/auscartograms-1.pdf>
Package pdftex.def Info: review_article_files/figure-latex/auscartograms-1.pdf 
 used on input line 840.
(pdftex.def)             Requested size: 469.75386pt x 325.2142pt.
[13] [14 <./review_article_files/figure-latex/auscartograms-1.pdf>] [15]
<figures/gggrids.png, id=501, 1156.32pt x 578.16pt>
File: figures/gggrids.png Graphic file (type png)
<use figures/gggrids.png>
Package pdftex.def Info: figures/gggrids.png  used on input line 997.
(pdftex.def)             Requested size: 1156.3701pt x 578.18504pt.

Overfull \hbox (686.61508pt too wide) in paragraph at lines 997--997
[][] 
 []


LaTeX Warning: Float too large for page by 7.8842pt on input line 998.

[16] [17 <./figures/gggrids.png (PNG copy)>] [18]
Overfull \hbox (12.09227pt too wide) in alignment at lines 1122--1129
 [] [] [] [] [] [] [] 
 []


Overfull \hbox (12.09227pt too wide) in alignment at lines 1129--1134
 [] [] [] [] [] [] [] 
 []


Overfull \hbox (12.09227pt too wide) in alignment at lines 1134--1142
 [] [] [] [] [] [] [] 
 []

[19]
LaTeX Font Info:    Try loading font information for TS1+lmr on input line 1183
.

(c:/Users/Mr. Normanby/AppData/Roaming/TinyTeX/texmf-dist/tex/latex/lm/ts1lmr.f
d
File: ts1lmr.fd 2009/10/30 v1.6 Font defs for Latin Modern
) [20]

LaTeX Warning: Reference `fig:interacting' on page 21 undefined on input line 1
263.

<review_article_files/figure-latex/interacting-1.pdf, id=568, 867.24pt x 650.43
pt>
File: review_article_files/figure-latex/interacting-1.pdf Graphic file (type pd
f)
<use review_article_files/figure-latex/interacting-1.pdf>
Package pdftex.def Info: review_article_files/figure-latex/interacting-1.pdf  u
sed on input line 1277.
(pdftex.def)             Requested size: 469.75827pt x 352.31868pt.
[21] [22 <./review_article_files/figure-latex/interacting-1.pdf>]
<review_article_files/figure-latex/animating-1.pdf, id=614, 867.24pt x 650.43pt
>
File: review_article_files/figure-latex/animating-1.pdf Graphic file (type pdf)

<use review_article_files/figure-latex/animating-1.pdf>
Package pdftex.def Info: review_article_files/figure-latex/animating-1.pdf  use
d on input line 1333.
(pdftex.def)             Requested size: 469.75827pt x 352.31868pt.

LaTeX Warning: Reference `fig:animating' on page 23 undefined on input line 134
5.

[23 <./review_article_files/figure-latex/animating-1.pdf>] [24]
Underfull \hbox (badness 1122) in paragraph at lines 1468--1471
[][]\T1/lmr/m/n/10.95 Bowel Can-cer Aus-tralia. 2016. ``Bowel Can-cer Aus-trali
a At-las.'' 2016. []$http : / / www .
 []

[25] [26] [27] [28]
Package atveryend Info: Empty hook `BeforeClearDocument' on input line 1803.
[29]
Package atveryend Info: Empty hook `AfterLastShipout' on input line 1803.
(./review_article.aux)
Package atveryend Info: Executing hook `AtVeryEndDocument' on input line 1803.
Package atveryend Info: Executing hook `AtEndAfterFileList' on input line 1803.

Package rerunfilecheck Info: File `review_article.out' has not changed.
(rerunfilecheck)             Checksum: E5D9ED787C9A8A53C4FEF42D094ABAD5;6414.

LaTeX Warning: There were undefined references.

Package atveryend Info: Empty hook `AtVeryVeryEnd' on input line 1803.
 ) 
Here is how much of TeX's memory you used:
 10554 strings out of 494553
 153531 string characters out of 6175492
 222574 words of memory out of 5000000
 13914 multiletter control sequences out of 15000+600000
 46849 words of font info for 42 fonts, out of 8000000 for 9000
 14 hyphenation exceptions out of 8191
 28i,7n,32p,1074b,427s stack positions out of 5000i,500n,10000p,200000b,80000s
{c:/Users/Mr. Normanby/AppData/Roaming/TinyTeX/texmf-dist/fonts/enc/dvips/lm/
lm-ts1.enc}{c:/Users/Mr. Normanby/AppData/Roaming/TinyTeX/texmf-dist/fonts/enc/
dvips/lm/lm-ec.enc}{c:/Users/Mr. Normanby/AppData/Roaming/TinyTeX/texmf-dist/fo
nts/enc/dvips/lm/lm-mathit.enc}{c:/Users/Mr. Normanby/AppData/Roaming/TinyTeX/t
exmf-dist/fonts/enc/dvips/lm/lm-rm.enc}<c:/Users/Mr. Normanby/AppData/Roaming/T
inyTeX/texmf-dist/fonts/type1/public/lm/lmbx10.pfb><c:/Users/Mr. Normanby/AppDa
ta/Roaming/TinyTeX/texmf-dist/fonts/type1/public/lm/lmbx12.pfb><c:/Users/Mr. No
rmanby/AppData/Roaming/TinyTeX/texmf-dist/fonts/type1/public/lm/lmmi10.pfb><c:/
Users/Mr. Normanby/AppData/Roaming/TinyTeX/texmf-dist/fonts/type1/public/lm/lmm
i6.pfb><c:/Users/Mr. Normanby/AppData/Roaming/TinyTeX/texmf-dist/fonts/type1/pu
blic/lm/lmmi8.pfb><c:/Users/Mr. Normanby/AppData/Roaming/TinyTeX/texmf-dist/fon
ts/type1/public/lm/lmr10.pfb><c:/Users/Mr. Normanby/AppData/Roaming/TinyTeX/tex
mf-dist/fonts/type1/public/lm/lmr17.pfb><c:/Users/Mr. Normanby/AppData/Roaming/
TinyTeX/texmf-dist/fonts/type1/public/lm/lmr8.pfb><c:/Users/Mr. Normanby/AppDat
a/Roaming/TinyTeX/texmf-dist/fonts/type1/public/lm/lmri10.pfb><c:/Users/Mr. Nor
manby/AppData/Roaming/TinyTeX/texmf-dist/fonts/type1/public/lm/lmri12.pfb>
Output written on review_article.pdf (29 pages, 8250942 bytes).
PDF statistics:
 848 PDF objects out of 1000 (max. 8388607)
 750 compressed objects within 8 object streams
 181 named destinations out of 1000 (max. 500000)
 300 words of extra memory for PDF output out of 10000 (max. 10000000)

